<?xml version="1.0" encoding="UTF-8"?>
<testsuite name="PriorityQueue Test" tests="7" skipped="0" failures="0" errors="0" timestamp="2024-04-15T21:11:51" hostname="DESKTOP-3JLUF70" time="0.003">
  <properties/>
  <testcase name="Test Enqueue and Dequeue" classname="src.test.java.PriorityQueueTest" time="0.001"/>
  <testcase name="Test Size" classname="src.test.java.PriorityQueueTest" time="0.0"/>
  <testcase name="Test Constructor with HashTable" classname="src.test.java.PriorityQueueTest" time="0.0"/>
  <testcase name="Test Peek from Empty Queue" classname="src.test.java.PriorityQueueTest" time="0.0"/>
  <testcase name="Test Enqueue and Peek" classname="src.test.java.PriorityQueueTest" time="0.0"/>
  <testcase name="Test Dequeue from Empty Queue" classname="src.test.java.PriorityQueueTest" time="0.0"/>
  <testcase name="Test Enqueue and Dequeue Multiple Elements" classname="src.test.java.PriorityQueueTest" time="0.0"/>
  <system-out><![CDATA[]]></system-out>
  <system-err><![CDATA[]]></system-err>
</testsuite>
