<?xml version="1.0" encoding="UTF-8"?>
<testsuite name="TreeNode Test" tests="7" skipped="0" failures="0" errors="0" timestamp="2024-04-06T18:57:25" hostname="DESKTOP-3JLUF70" time="0.003">
  <properties/>
  <testcase name="Test Empty Constructor" classname="TreeNodeTest" time="0.001"/>
  <testcase name="Test TreeNode with Children" classname="TreeNodeTest" time="0.0"/>
  <testcase name="Test Parameterized Constructor" classname="TreeNodeTest" time="0.001"/>
  <testcase name="Test Set and Get Frequency" classname="TreeNodeTest" time="0.0"/>
  <testcase name="Test Set and Get Right Child" classname="TreeNodeTest" time="0.0"/>
  <testcase name="Test Set and Get Character" classname="TreeNodeTest" time="0.0"/>
  <testcase name="Test Set and Get Left Child" classname="TreeNodeTest" time="0.0"/>
  <system-out><![CDATA[]]></system-out>
  <system-err><![CDATA[]]></system-err>
</testsuite>
