<?xml version="1.0" encoding="UTF-8"?>
<testsuite name="HashTable Test" tests="8" skipped="0" failures="0" errors="0" timestamp="2024-04-06T19:04:13" hostname="DESKTOP-3JLUF70" time="0.008">
  <properties/>
  <testcase name="Test Contains Non-Existent Character" classname="HashTableTest" time="0.001"/>
  <testcase name="Test Add and Get Char" classname="HashTableTest" time="0.0"/>
  <testcase name="Test Add and Get Frequency" classname="HashTableTest" time="0.0"/>
  <testcase name="Test Add Duplicate Characters" classname="HashTableTest" time="0.0"/>
  <testcase name="Test Add and Contains" classname="HashTableTest" time="0.001"/>
  <testcase name="Test Empty HashTable" classname="HashTableTest" time="0.002"/>
  <testcase name="Test Add Multiple Characters" classname="HashTableTest" time="0.001"/>
  <testcase name="Test Resize" classname="HashTableTest" time="0.0"/>
  <system-out><![CDATA[]]></system-out>
  <system-err><![CDATA[]]></system-err>
</testsuite>
