<?xml version="1.0" encoding="UTF-8"?>
<testsuite name="HashNode Test" tests="6" skipped="0" failures="0" errors="0" timestamp="2024-04-15T21:40:54" hostname="DESKTOP-3JLUF70" time="0.044">
  <properties/>
  <testcase name="Test Get Count" classname="src.test.java.HashNodeTest" time="0.036"/>
  <testcase name="Test Get Tombstone" classname="src.test.java.HashNodeTest" time="0.003"/>
  <testcase name="Test Get Char" classname="src.test.java.HashNodeTest" time="0.001"/>
  <testcase name="Test Set Tombstone" classname="src.test.java.HashNodeTest" time="0.0"/>
  <testcase name="Test Increment Count" classname="src.test.java.HashNodeTest" time="0.0"/>
  <testcase name="Test Constructor" classname="src.test.java.HashNodeTest" time="0.0"/>
  <system-out><![CDATA[]]></system-out>
  <system-err><![CDATA[]]></system-err>
</testsuite>
