<?xml version="1.0" encoding="UTF-8"?>
<testsuite name="HuffmanTree Test" tests="6" skipped="0" failures="0" errors="0" timestamp="2024-04-16T01:58:56" hostname="DESKTOP-3JLUF70" time="0.083">
  <properties/>
  <testcase name="Test Encoding and Decoding with Empty File" classname="src.test.java.HuffmanTreeTest" time="0.027"/>
  <testcase name="Test Encoding and Decoding with Non-Existent File" classname="src.test.java.HuffmanTreeTest" time="0.003"/>
  <testcase name="Test Encoding and Decoding 1" classname="src.test.java.HuffmanTreeTest" time="0.01"/>
  <testcase name="Test Encoding and Decoding 2 (bee movie script)" classname="src.test.java.HuffmanTreeTest" time="0.015"/>
  <testcase name="Test Encoding and Decoding 3" classname="src.test.java.HuffmanTreeTest" time="0.014"/>
  <testcase name="Test Encoding and Decoding 4" classname="src.test.java.HuffmanTreeTest" time="0.011"/>
  <system-out><![CDATA[File not found: nonexistent.txt
File not found: nonexistent.txt
File not found: nonexistent.txt
File not found: encoded_nonexistent.txt
]]></system-out>
  <system-err><![CDATA[]]></system-err>
</testsuite>
